# JRE version: OpenJDK Runtime Environment (11.0.7+10) (build 11.0.7+10-post-Ubuntu-2ubuntu218.04)
# Java VM: OpenJDK 64-Bit Server VM (11.0.7+10-post-Ubuntu-2ubuntu218.04, mixed mode, sharing, tiered, compressed oops, g1 gc, linux-amd64)
Heap:
 garbage-first heap   total 260096K, used 39610K [0x0000000705a00000, 0x0000000800000000)
  region size 1024K, 34 young (34816K), 10 survivors (10240K)
 Metaspace       used 33572K, capacity 34857K, committed 35120K, reserved 1079296K
  class space    used 4421K, capacity 4962K, committed 4992K, reserved 1048576K
GC Heap History (6 events):
Event: 0.357 GC heap before
{Heap before GC invocations=0 (full 0):
 garbage-first heap   total 260096K, used 24260K [0x0000000705a00000, 0x0000000800000000)
  region size 1024K, 24 young (24576K), 0 survivors (0K)
 Metaspace       used 5014K, capacity 7056K, committed 7424K, reserved 1056768K
  class space    used 631K, capacity 903K, committed 1024K, reserved 1048576K
}
Event: 0.364 GC heap after
{Heap after GC invocations=1 (full 0):
 garbage-first heap   total 260096K, used 6173K [0x0000000705a00000, 0x0000000800000000)
  region size 1024K, 3 young (3072K), 3 survivors (3072K)
 Metaspace       used 5014K, capacity 7056K, committed 7424K, reserved 1056768K
  class space    used 631K, capacity 903K, committed 1024K, reserved 1048576K
}
Event: 1.202 GC heap before
{Heap before GC invocations=1 (full 0):
 garbage-first heap   total 260096K, used 151581K [0x0000000705a00000, 0x0000000800000000)
  region size 1024K, 146 young (149504K), 3 survivors (3072K)
 Metaspace       used 20334K, capacity 21210K, committed 21296K, reserved 1067008K
  class space    used 2559K, capacity 2908K, committed 2944K, reserved 1048576K
}
Event: 1.215 GC heap after
{Heap after GC invocations=2 (full 0):
 garbage-first heap   total 260096K, used 10366K [0x0000000705a00000, 0x0000000800000000)
  region size 1024K, 8 young (8192K), 8 survivors (8192K)
 Metaspace       used 20334K, capacity 21210K, committed 21296K, reserved 1067008K
  class space    used 2559K, capacity 2908K, committed 2944K, reserved 1048576K
}
Event: 1.999 GC heap before
{Heap before GC invocations=3 (full 0):
 garbage-first heap   total 260096K, used 100478K [0x0000000705a00000, 0x0000000800000000)
  region size 1024K, 96 young (98304K), 8 survivors (8192K)
 Metaspace       used 31989K, capacity 33298K, committed 33456K, reserved 1077248K
  class space    used 4208K, capacity 4741K, committed 4864K, reserved 1048576K
}
Event: 2.012 GC heap after
{Heap after GC invocations=4 (full 0):
 garbage-first heap   total 260096K, used 16058K [0x0000000705a00000, 0x0000000800000000)
  region size 1024K, 10 young (10240K), 10 survivors (10240K)
 Metaspace       used 31989K, capacity 33298K, committed 33456K, reserved 1077248K
  class space    used 4208K, capacity 4741K, committed 4864K, reserved 1048576K
}

